<?xml version="1.0" encoding="utf-8"?><testsuites name="pytest tests"><testsuite name="pytest" errors="0" failures="0" skipped="3" tests="45" time="15.668" timestamp="2026-07-03T17:37:06.363177+00:00" hostname="agent-env-e7aed424-030d-44e0-bc7a-8953332b9a1b"><testcase classname="tests.test_kite_trivia" name="test_health" time="0.142" /><testcase classname="tests.test_kite_trivia" name="test_register_and_me" time="0.379" /><testcase classname="tests.test_kite_trivia" name="test_login_existing" time="0.758" /><testcase classname="tests.test_kite_trivia" name="test_logout" time="0.432" /><testcase classname="tests.test_kite_trivia" name="test_get_questions_variety" time="0.053" /><testcase classname="tests.test_kite_trivia" name="test_questions_randomization" time="0.155" /><testcase classname="tests.test_kite_trivia" name="test_questions_category_variety" time="0.439" /><testcase classname="tests.test_kite_trivia" name="test_submit_correct_answer" time="0.100" /><testcase classname="tests.test_kite_trivia" name="test_submit_wrong_answer" time="0.100" /><testcase classname="tests.test_kite_trivia" name="test_leaderboard" time="0.049" /><testcase classname="tests.test_kite_trivia" name="test_my_rank" time="0.050" /><testcase classname="tests.test_kite_trivia" name="test_get_characters" time="0.052" /><testcase classname="tests.test_kite_trivia" name="test_purchase_and_equip_kite" time="0.544"><skipped type="pytest.skip" message="No purchasable kite available after level bump">/app/backend/tests/test_kite_trivia.py:216: No purchasable kite available after level bump</skipped></testcase><testcase classname="tests.test_kite_trivia" name="test_daily_reward_status" time="0.048" /><testcase classname="tests.test_kite_trivia" name="test_claim_daily_reward" time="0.095" /><testcase classname="tests.test_kite_trivia" name="test_forgot_password_registered_returns_code" time="0.681" /><testcase classname="tests.test_kite_trivia" name="test_forgot_password_unregistered_returns_null_code" time="0.185" /><testcase classname="tests.test_kite_trivia" name="test_reset_password_happy_path_and_login_with_new" time="1.938" /><testcase classname="tests.test_kite_trivia" name="test_reset_password_invalid_code_returns_400" time="1.023" /><testcase classname="tests.test_kite_trivia" name="test_reset_password_single_use_enforced" time="1.327" /><testcase classname="tests.test_kite_trivia" name="test_reset_password_short_password_returns_400" time="0.807" /><testcase classname="tests.test_kite_trivia" name="test_forgot_password_rate_limit_caps_at_3" time="1.476" /><testcase classname="tests.test_kite_trivia" name="test_profile" time="0.054" /><testcase classname="tests.test_kite_trivia" name="test_purchase_free_sky_theme_grants_directly" time="0.152" /><testcase classname="tests.test_kite_trivia" name="test_purchase_paid_item_returns_session_url" time="0.098"><skipped type="pytest.skip" message="No purchasable paid item">/app/backend/tests/test_kite_trivia.py:412: No purchasable paid item</skipped></testcase><testcase classname="tests.test_kite_trivia" name="test_checkout_status_nonexistent_returns_404" time="0.058" /><testcase classname="tests.test_kite_trivia" name="test_old_cashapp_endpoint_removed" time="0.048" /><testcase classname="tests.test_kite_trivia" name="test_stripe_webhook_endpoint_exists" time="0.115" /><testcase classname="tests.test_kite_trivia" name="test_cors_blocks_evil_origin" time="0.002" /><testcase classname="tests.test_kite_trivia" name="test_cors_allows_configured_origin" time="0.001" /><testcase classname="tests.test_kite_trivia" name="test_cors_allows_preview_regex_origin" time="0.001" /><testcase classname="tests.test_kite_trivia" name="test_cors_blocks_subdomain_attack" time="0.001" /><testcase classname="tests.test_kite_trivia" name="test_register_sets_samesite_lax_cookie" time="0.395" /><testcase classname="tests.test_kite_trivia" name="test_login_sets_samesite_lax_cookie" time="0.654" /><testcase classname="tests.test_kite_trivia" name="test_session_exchange_endpoint_uses_samesite_lax_in_source" time="0.001" /><testcase classname="tests.test_kite_trivia" name="test_resolve_safe_origin_blocks_evil" time="0.761" /><testcase classname="tests.test_kite_trivia" name="test_resolve_safe_origin_allows_configured" time="0.000" /><testcase classname="tests.test_kite_trivia" name="test_resolve_safe_origin_allows_regex_preview" time="0.000" /><testcase classname="tests.test_kite_trivia" name="test_resolve_safe_origin_rejects_dangerous_schemes" time="0.000" /><testcase classname="tests.test_kite_trivia" name="test_resolve_safe_origin_rejects_suffix_attack" time="0.000" /><testcase classname="tests.test_kite_trivia" name="test_purchase_with_evil_origin_url_does_not_reflect_it" time="0.051"><skipped type="pytest.skip" message="no purchasable item found for level-1 user">/app/backend/tests/test_kite_trivia.py:669: no purchasable item found for level-1 user</skipped></testcase><testcase classname="tests.test_kite_trivia" name="test_free_tier_gate_blocks_after_daily_cap" time="0.549" /><testcase classname="tests.test_kite_trivia" name="test_premium_sync_grants_unlimited_rounds" time="0.628" /><testcase classname="tests.test_kite_trivia" name="test_premium_status_shape" time="0.468" /><testcase classname="tests.test_kite_trivia" name="test_premium_downgrade_via_sync" time="0.705" /></testsuite></testsuites>