<?xml version="1.0" encoding="utf-8"?><testsuites name="pytest tests"><testsuite name="pytest" errors="0" failures="0" skipped="0" tests="32" time="13.011" timestamp="2026-06-23T15:07:43.241073+00:00" hostname="agent-env-e7aed424-030d-44e0-bc7a-8953332b9a1b"><testcase classname="backend.tests.test_kite_trivia" name="test_health" time="0.249" /><testcase classname="backend.tests.test_kite_trivia" name="test_register_and_me" time="0.389" /><testcase classname="backend.tests.test_kite_trivia" name="test_login_existing" time="0.719" /><testcase classname="backend.tests.test_kite_trivia" name="test_logout" time="0.455" /><testcase classname="backend.tests.test_kite_trivia" name="test_get_questions_variety" time="0.063" /><testcase classname="backend.tests.test_kite_trivia" name="test_questions_randomization" time="0.184" /><testcase classname="backend.tests.test_kite_trivia" name="test_questions_category_variety" time="0.460" /><testcase classname="backend.tests.test_kite_trivia" name="test_submit_correct_answer" time="0.109" /><testcase classname="backend.tests.test_kite_trivia" name="test_submit_wrong_answer" time="0.114" /><testcase classname="backend.tests.test_kite_trivia" name="test_leaderboard" time="0.048" /><testcase classname="backend.tests.test_kite_trivia" name="test_my_rank" time="0.050" /><testcase classname="backend.tests.test_kite_trivia" name="test_get_characters" time="0.044" /><testcase classname="backend.tests.test_kite_trivia" name="test_purchase_and_equip_kite" time="0.823" /><testcase classname="backend.tests.test_kite_trivia" name="test_daily_reward_status" time="0.054" /><testcase classname="backend.tests.test_kite_trivia" name="test_claim_daily_reward" time="0.111" /><testcase classname="backend.tests.test_kite_trivia" name="test_forgot_password_registered_returns_code" time="0.805" /><testcase classname="backend.tests.test_kite_trivia" name="test_forgot_password_unregistered_returns_null_code" time="0.136" /><testcase classname="backend.tests.test_kite_trivia" name="test_reset_password_happy_path_and_login_with_new" time="1.920" /><testcase classname="backend.tests.test_kite_trivia" name="test_reset_password_invalid_code_returns_400" time="1.020" /><testcase classname="backend.tests.test_kite_trivia" name="test_reset_password_single_use_enforced" time="1.386" /><testcase classname="backend.tests.test_kite_trivia" name="test_reset_password_short_password_returns_400" time="0.768" /><testcase classname="backend.tests.test_kite_trivia" name="test_forgot_password_rate_limit_caps_at_3" time="1.471" /><testcase classname="backend.tests.test_kite_trivia" name="test_profile" time="0.048" /><testcase classname="backend.tests.test_kite_trivia" name="test_purchase_free_sky_theme_grants_directly" time="0.330" /><testcase classname="backend.tests.test_kite_trivia" name="test_purchase_paid_item_returns_session_url" time="0.936" /><testcase classname="backend.tests.test_kite_trivia" name="test_checkout_status_nonexistent_returns_404" time="0.047" /><testcase classname="backend.tests.test_kite_trivia" name="test_old_cashapp_endpoint_removed" time="0.055" /><testcase classname="backend.tests.test_kite_trivia" name="test_stripe_webhook_endpoint_exists" time="0.108" /><testcase classname="backend.tests.test_kite_trivia" name="test_cors_blocks_evil_origin" time="0.002" /><testcase classname="backend.tests.test_kite_trivia" name="test_cors_allows_configured_origin" time="0.001" /><testcase classname="backend.tests.test_kite_trivia" name="test_cors_allows_preview_regex_origin" time="0.001" /><testcase classname="backend.tests.test_kite_trivia" name="test_cors_blocks_subdomain_attack" time="0.002" /></testsuite></testsuites>