<?xml version="1.0" encoding="utf-8"?><testsuites name="pytest tests"><testsuite name="pytest" errors="0" failures="0" skipped="0" tests="28" time="12.498" timestamp="2026-06-23T14:33:13.335592+00:00" hostname="agent-env-e7aed424-030d-44e0-bc7a-8953332b9a1b"><testcase classname="backend.tests.test_kite_trivia" name="test_health" time="0.362" /><testcase classname="backend.tests.test_kite_trivia" name="test_register_and_me" time="0.403" /><testcase classname="backend.tests.test_kite_trivia" name="test_login_existing" time="0.744" /><testcase classname="backend.tests.test_kite_trivia" name="test_logout" time="0.411" /><testcase classname="backend.tests.test_kite_trivia" name="test_get_questions_variety" time="0.047" /><testcase classname="backend.tests.test_kite_trivia" name="test_questions_randomization" time="0.136" /><testcase classname="backend.tests.test_kite_trivia" name="test_questions_category_variety" time="0.568" /><testcase classname="backend.tests.test_kite_trivia" name="test_submit_correct_answer" time="0.098" /><testcase classname="backend.tests.test_kite_trivia" name="test_submit_wrong_answer" time="0.098" /><testcase classname="backend.tests.test_kite_trivia" name="test_leaderboard" time="0.042" /><testcase classname="backend.tests.test_kite_trivia" name="test_my_rank" time="0.045" /><testcase classname="backend.tests.test_kite_trivia" name="test_get_characters" time="0.045" /><testcase classname="backend.tests.test_kite_trivia" name="test_purchase_and_equip_kite" time="0.662" /><testcase classname="backend.tests.test_kite_trivia" name="test_daily_reward_status" time="0.048" /><testcase classname="backend.tests.test_kite_trivia" name="test_claim_daily_reward" time="0.171" /><testcase classname="backend.tests.test_kite_trivia" name="test_forgot_password_registered_returns_code" time="0.677" /><testcase classname="backend.tests.test_kite_trivia" name="test_forgot_password_unregistered_returns_null_code" time="0.124" /><testcase classname="backend.tests.test_kite_trivia" name="test_reset_password_happy_path_and_login_with_new" time="1.954" /><testcase classname="backend.tests.test_kite_trivia" name="test_reset_password_invalid_code_returns_400" time="1.023" /><testcase classname="backend.tests.test_kite_trivia" name="test_reset_password_single_use_enforced" time="1.353" /><testcase classname="backend.tests.test_kite_trivia" name="test_reset_password_short_password_returns_400" time="0.744" /><testcase classname="backend.tests.test_kite_trivia" name="test_forgot_password_rate_limit_caps_at_3" time="1.459" /><testcase classname="backend.tests.test_kite_trivia" name="test_profile" time="0.048" /><testcase classname="backend.tests.test_kite_trivia" name="test_purchase_free_sky_theme_grants_directly" time="0.131" /><testcase classname="backend.tests.test_kite_trivia" name="test_purchase_paid_item_returns_session_url" time="0.835" /><testcase classname="backend.tests.test_kite_trivia" name="test_checkout_status_nonexistent_returns_404" time="0.045" /><testcase classname="backend.tests.test_kite_trivia" name="test_old_cashapp_endpoint_removed" time="0.042" /><testcase classname="backend.tests.test_kite_trivia" name="test_stripe_webhook_endpoint_exists" time="0.126" /></testsuite></testsuites>